Using pre-set license
Built from '2020.3/staging' branch; Version is '2020.3.19f1 (68f137dc9bbe) revision 6877495'; Using compiler version '192528614'; Build Type 'Release'
OS: 'Windows 10 Pro; OS build 19043.1415; Version 2009; 64bit' Language: 'es' Physical Memory: 16342 MB
BatchMode: 1, IsHumanControllingUs: 0, StartBugReporterOnCrash: 0, Is64bit: 1, IsPro: 0

COMMAND LINE ARGUMENTS:
C:\Program Files\Unity\Hub\Editor\2020.3.19f1\Editor\Unity.exe
-adb2
-batchMode
-noUpm
-name
AssetImportWorker0
-projectPath
D:/Daniel _Munyoz_Sanchez/DEMI/Entregable-1/Entregable-1/Entregable 1
-logFile
Logs/AssetImportWorker0.log
-srvPort
50910
Successfully changed project path to: D:/Daniel _Munyoz_Sanchez/DEMI/Entregable-1/Entregable-1/Entregable 1
D:/Daniel _Munyoz_Sanchez/DEMI/Entregable-1/Entregable-1/Entregable 1
Using Asset Import Pipeline V2.
Refreshing native plugins compatible for Editor in 29.76 ms, found 2 plugins.
Preloading 0 native plugins for Editor in 0.00 ms.
Initialize engine version: 2020.3.19f1 (68f137dc9bbe)
[Subsystems] Discovering subsystems at path C:/Program Files/Unity/Hub/Editor/2020.3.19f1/Editor/Data/Resources/UnitySubsystems
[Subsystems] Discovering subsystems at path D:/Daniel _Munyoz_Sanchez/DEMI/Entregable-1/Entregable-1/Entregable 1/Assets
GfxDevice: creating device client; threaded=0
Direct3D:
    Version:  Direct3D 11.0 [level 11.1]
    Renderer: NVIDIA GeForce GTX 1050 Ti (ID=0x1c82)
    Vendor:   
    VRAM:     4018 MB
    Driver:   27.21.14.5671
Initialize mono
Mono path[0] = 'C:/Program Files/Unity/Hub/Editor/2020.3.19f1/Editor/Data/Managed'
Mono path[1] = 'C:/Program Files/Unity/Hub/Editor/2020.3.19f1/Editor/Data/MonoBleedingEdge/lib/mono/unityjit'
Mono config path = 'C:/Program Files/Unity/Hub/Editor/2020.3.19f1/Editor/Data/MonoBleedingEdge/etc'
Using monoOptions --debugger-agent=transport=dt_socket,embedding=1,server=y,suspend=n,address=127.0.0.1:56708
Begin MonoManager ReloadAssembly
Registering precompiled unity dll's ...
Register platform support module: C:/Program Files/Unity/Hub/Editor/2020.3.19f1/Editor/Data/PlaybackEngines/WindowsStandaloneSupport/UnityEditor.WindowsStandalone.Extensions.dll
Registered in 0.002038 seconds.
Native extension for WindowsStandalone target not found
Refreshing native plugins compatible for Editor in 30.06 ms, found 2 plugins.
Preloading 0 native plugins for Editor in 0.00 ms.
Mono: successfully reloaded assembly
- Completed reload, in  1.111 seconds
Domain Reload Profiling:
	ReloadAssembly (1112ms)
		BeginReloadAssembly (59ms)
			ExecutionOrderSort (0ms)
			DisableScriptedObjects (0ms)
			BackupInstance (0ms)
			ReleaseScriptingObjects (0ms)
			CreateAndSetChildDomain (1ms)
		EndReloadAssembly (439ms)
			LoadAssemblies (57ms)
			RebuildTransferFunctionScriptingTraits (0ms)
			SetupTypeCache (166ms)
			ReleaseScriptCaches (0ms)
			RebuildScriptCaches (33ms)
			SetupLoadedEditorAssemblies (166ms)
				LogAssemblyErrors (0ms)
				InitializePlatformSupportModulesInManaged (4ms)
				SetLoadedEditorAssemblies (0ms)
				RefreshPlugins (30ms)
				BeforeProcessingInitializeOnLoad (11ms)
				ProcessInitializeOnLoadAttributes (89ms)
				ProcessInitializeOnLoadMethodAttributes (31ms)
				AfterProcessingInitializeOnLoad (0ms)
				EditorAssembliesLoaded (0ms)
			ExecutionOrderSort2 (0ms)
			AwakeInstancesAfterBackupRestoration (0ms)
Platform modules already initialized, skipping
Registering precompiled user dll's ...
Registered in 0.001930 seconds.
Begin MonoManager ReloadAssembly
Native extension for WindowsStandalone target not found
Refreshing native plugins compatible for Editor in 0.30 ms, found 2 plugins.
Preloading 0 native plugins for Editor in 0.00 ms.
Mono: successfully reloaded assembly
- Completed reload, in  1.057 seconds
Domain Reload Profiling:
	ReloadAssembly (1057ms)
		BeginReloadAssembly (162ms)
			ExecutionOrderSort (0ms)
			DisableScriptedObjects (5ms)
			BackupInstance (0ms)
			ReleaseScriptingObjects (0ms)
			CreateAndSetChildDomain (19ms)
		EndReloadAssembly (829ms)
			LoadAssemblies (90ms)
			RebuildTransferFunctionScriptingTraits (0ms)
			SetupTypeCache (288ms)
			ReleaseScriptCaches (0ms)
			RebuildScriptCaches (44ms)
			SetupLoadedEditorAssemblies (313ms)
				LogAssemblyErrors (0ms)
				InitializePlatformSupportModulesInManaged (5ms)
				SetLoadedEditorAssemblies (0ms)
				RefreshPlugins (0ms)
				BeforeProcessingInitializeOnLoad (57ms)
				ProcessInitializeOnLoadAttributes (237ms)
				ProcessInitializeOnLoadMethodAttributes (5ms)
				AfterProcessingInitializeOnLoad (7ms)
				EditorAssembliesLoaded (0ms)
			ExecutionOrderSort2 (0ms)
			AwakeInstancesAfterBackupRestoration (7ms)
Platform modules already initialized, skipping
========================================================================
Worker process is ready to serve import requests
Launched and connected shader compiler UnityShaderCompiler.exe after 0.05 seconds
Refreshing native plugins compatible for Editor in 0.31 ms, found 2 plugins.
Preloading 0 native plugins for Editor in 0.00 ms.
Unloading 1399 Unused Serialized files (Serialized files now loaded: 0)
System memory in use before: 64.9 MB.
System memory in use after: 65.0 MB.

Unloading 16 unused Assets to reduce memory usage. Loaded Objects now: 1834.
Total: 2.916300 ms (FindLiveObjects: 0.135000 ms CreateObjectMapping: 0.043800 ms MarkObjects: 2.624300 ms  DeleteObjects: 0.112100 ms)

AssetImportParameters requested are different than current active one (requested -> active):
  custom:framework-win-MediaFoundation: 216162199b28c13a410421893ffa2e32 -> 
  custom:video-decoder-ogg-theora: a1e56fd34408186e4bbccfd4996cb3dc -> 
  custom:container-muxer-webm: aa71ff27fc2769a1b78a27578f13a17b -> 
  custom:container-demuxer-webm: 4f35f7cbe854078d1ac9338744f61a02 -> 
  custom:container-demuxer-ogg: 62fdf1f143b41e24485cea50d1cbac27 -> 
  custom:video-encoder-webm-vp8: eb34c28f22e8b96e1ab97ce403110664 -> 
  custom:video-decoder-webm-vp8: 9c59270c3fd7afecdb556c50c9e8de78 -> 
  custom:audio-decoder-ogg-vorbis: bf7c407c2cedff20999df2af8eb42d56 -> 
  custom:audio-encoder-webm-vorbis: bf7c407c2cedff20999df2af8eb42d56 -> 
========================================================================
Received Import Request.
  path: Assets/_Barking_Dog/3D Free Modular Kit/Camera Profile.asset
  artifactKey: Guid(66fe30987fca4e747985c93aa3738821) Importer(815301076,1909f56bfc062723c751e8b465ee728b)
Start importing Assets/_Barking_Dog/3D Free Modular Kit/Camera Profile.asset using Guid(66fe30987fca4e747985c93aa3738821) Importer(815301076,1909f56bfc062723c751e8b465ee728b)  -> (artifact id: '0dce8c956872e4e5c2bcbd4a472ed5a8') in 0.025883 seconds 
  Import took 0.028117 seconds .

========================================================================
Received Import Request.
  Time since last request: 0.000206 seconds.
  path: Assets/_Barking_Dog/3D Free Modular Kit/Test_Map.unity
  artifactKey: Guid(7b533dfe561bc47c8975c955fe4ef3d3) Importer(815301076,1909f56bfc062723c751e8b465ee728b)
Start importing Assets/_Barking_Dog/3D Free Modular Kit/Test_Map.unity using Guid(7b533dfe561bc47c8975c955fe4ef3d3) Importer(815301076,1909f56bfc062723c751e8b465ee728b)  -> (artifact id: '8f5e88b611812ba981b3dc82db6ac258') in 0.006936 seconds 
  Import took 0.009007 seconds .

========================================================================
Received Import Request.
  Time since last request: 0.000192 seconds.
  path: Assets/_Barking_Dog/3D Free Modular Kit
  artifactKey: Guid(993c1992e51804d43aada52f1ac82a20) Importer(815301076,1909f56bfc062723c751e8b465ee728b)
Start importing Assets/_Barking_Dog/3D Free Modular Kit using Guid(993c1992e51804d43aada52f1ac82a20) Importer(815301076,1909f56bfc062723c751e8b465ee728b)  -> (artifact id: 'ce437dc5d3f477f7ac3f90593eef70ec') in 0.001054 seconds 
  Import took 0.003068 seconds .

========================================================================
Received Import Request.
  Time since last request: 0.000217 seconds.
  path: Assets/_Barking_Dog/3D Free Modular Kit/Test_Map
  artifactKey: Guid(8cbdae5869318ab4ca4b26a1384441ee) Importer(815301076,1909f56bfc062723c751e8b465ee728b)
Start importing Assets/_Barking_Dog/3D Free Modular Kit/Test_Map using Guid(8cbdae5869318ab4ca4b26a1384441ee) Importer(815301076,1909f56bfc062723c751e8b465ee728b)  -> (artifact id: '7e3fa49f93a0fbad366bdd536aca2cec') in 0.001053 seconds 
  Import took 0.012409 seconds .

========================================================================
Received Import Request.
  Time since last request: 37.589054 seconds.
  path: Assets/_Barking_Dog/3D Free Modular Kit/_Prefabs
  artifactKey: Guid(d1f1e35ed5fd842f7b91e200e0e5fe56) Importer(815301076,1909f56bfc062723c751e8b465ee728b)
Start importing Assets/_Barking_Dog/3D Free Modular Kit/_Prefabs using Guid(d1f1e35ed5fd842f7b91e200e0e5fe56) Importer(815301076,1909f56bfc062723c751e8b465ee728b)  -> (artifact id: '6fe9445489fe823e01eeeb0dec2bcecb') in 0.002088 seconds 
  Import took 0.004336 seconds .

========================================================================
Received Import Request.
  Time since last request: 0.096687 seconds.
  path: Assets/_Barking_Dog/3D Free Modular Kit/_Prefabs/Column_01_Top.prefab
  artifactKey: Guid(3cd8d44393ff84c5b81c559e5a60c35c) Importer(815301076,1909f56bfc062723c751e8b465ee728b)
Start importing Assets/_Barking_Dog/3D Free Modular Kit/_Prefabs/Column_01_Top.prefab using Guid(3cd8d44393ff84c5b81c559e5a60c35c) Importer(815301076,1909f56bfc062723c751e8b465ee728b)  -> (artifact id: 'ed39383929b485c8332eace68f884e86') in 0.418079 seconds 
  Import took 0.420753 seconds .

========================================================================
Received Import Request.
  Time since last request: 0.000302 seconds.
  path: Assets/_Barking_Dog/3D Free Modular Kit/_Prefabs/Roof_01.prefab
  artifactKey: Guid(1a5e2f40365fe44ada271dd97ea7506f) Importer(815301076,1909f56bfc062723c751e8b465ee728b)
Start importing Assets/_Barking_Dog/3D Free Modular Kit/_Prefabs/Roof_01.prefab using Guid(1a5e2f40365fe44ada271dd97ea7506f) Importer(815301076,1909f56bfc062723c751e8b465ee728b)  -> (artifact id: 'fbb76127c0cfbb044c4e94bb860f4d12') in 0.030990 seconds 
  Import took 0.033836 seconds .

========================================================================
Received Import Request.
  Time since last request: 0.000308 seconds.
  path: Assets/_Barking_Dog/3D Free Modular Kit/_Prefabs/Light_01.prefab
  artifactKey: Guid(530f5ce44fdac4197a29f5bec8818d85) Importer(815301076,1909f56bfc062723c751e8b465ee728b)
Start importing Assets/_Barking_Dog/3D Free Modular Kit/_Prefabs/Light_01.prefab using Guid(530f5ce44fdac4197a29f5bec8818d85) Importer(815301076,1909f56bfc062723c751e8b465ee728b)  -> (artifact id: '524cd3ce449236f3ab1925aa913e150d') in 0.021714 seconds 
  Import took 0.024507 seconds .

========================================================================
Received Import Request.
  Time since last request: 0.000259 seconds.
  path: Assets/_Barking_Dog/3D Free Modular Kit/_Prefabs/Floor_01.prefab
  artifactKey: Guid(c76d2d3504ddb4847940a815cad04644) Importer(815301076,1909f56bfc062723c751e8b465ee728b)
Start importing Assets/_Barking_Dog/3D Free Modular Kit/_Prefabs/Floor_01.prefab using Guid(c76d2d3504ddb4847940a815cad04644) Importer(815301076,1909f56bfc062723c751e8b465ee728b)  -> (artifact id: '5acda7c9a2989592541d2bef0805f67c') in 0.019651 seconds 
  Import took 0.022849 seconds .

========================================================================
Received Import Request.
  Time since last request: 0.000322 seconds.
  path: Assets/_Barking_Dog/3D Free Modular Kit/_Prefabs/Roof_Angle_Smal_01.prefab
  artifactKey: Guid(d3cf9ea092c094147a2a98c2a7973a3e) Importer(815301076,1909f56bfc062723c751e8b465ee728b)
Start importing Assets/_Barking_Dog/3D Free Modular Kit/_Prefabs/Roof_Angle_Smal_01.prefab using Guid(d3cf9ea092c094147a2a98c2a7973a3e) Importer(815301076,1909f56bfc062723c751e8b465ee728b)  -> (artifact id: '4344dfb0048d7290224364949bbfb2ad') in 0.019117 seconds 
  Import took 0.022232 seconds .

========================================================================
Received Import Request.
  Time since last request: 0.000264 seconds.
  path: Assets/_Barking_Dog/3D Free Modular Kit/_Prefabs/Roof_02.prefab
  artifactKey: Guid(b9038ed84a1fe4aecb34086f7f42d1bf) Importer(815301076,1909f56bfc062723c751e8b465ee728b)
Start importing Assets/_Barking_Dog/3D Free Modular Kit/_Prefabs/Roof_02.prefab using Guid(b9038ed84a1fe4aecb34086f7f42d1bf) Importer(815301076,1909f56bfc062723c751e8b465ee728b)  -> (artifact id: '1efb80e99423e8f6e9790b65081de588') in 0.018398 seconds 
  Import took 0.021141 seconds .

========================================================================
Received Import Request.
  Time since last request: 0.000154 seconds.
  path: Assets/_Barking_Dog/3D Free Modular Kit/_Prefabs/Wall_HalfArc_90_03.prefab
  artifactKey: Guid(ff42754d1c37f4da7b050c07fe83d3af) Importer(815301076,1909f56bfc062723c751e8b465ee728b)
Start importing Assets/_Barking_Dog/3D Free Modular Kit/_Prefabs/Wall_HalfArc_90_03.prefab using Guid(ff42754d1c37f4da7b050c07fe83d3af) Importer(815301076,1909f56bfc062723c751e8b465ee728b)  -> (artifact id: '1d793cf1469d32ce88ee8abb3a2d7c69') in 0.018695 seconds 
  Import took 0.021526 seconds .

========================================================================
Received Import Request.
  Time since last request: 0.000191 seconds.
  path: Assets/_Barking_Dog/3D Free Modular Kit/_Prefabs/Floor_Small_01.prefab
  artifactKey: Guid(1acd03bc537c24f3484ab4d6f07b9e02) Importer(815301076,1909f56bfc062723c751e8b465ee728b)
Start importing Assets/_Barking_Dog/3D Free Modular Kit/_Prefabs/Floor_Small_01.prefab using Guid(1acd03bc537c24f3484ab4d6f07b9e02) Importer(815301076,1909f56bfc062723c751e8b465ee728b)  -> (artifact id: 'f4c51991701aaff842393e2204271730') in 0.018318 seconds 
  Import took 0.021167 seconds .

========================================================================
Received Import Request.
  Time since last request: 0.000194 seconds.
  path: Assets/_Barking_Dog/3D Free Modular Kit/_Prefabs/Room_Big_Part_02.prefab
  artifactKey: Guid(56f887c8f9289447895ae8a07be226ec) Importer(815301076,1909f56bfc062723c751e8b465ee728b)
Start importing Assets/_Barking_Dog/3D Free Modular Kit/_Prefabs/Room_Big_Part_02.prefab using Guid(56f887c8f9289447895ae8a07be226ec) Importer(815301076,1909f56bfc062723c751e8b465ee728b)  -> (artifact id: '55aa91ce2dddc4b4a65e21792f7a5f90') in 0.020632 seconds 
  Import took 0.024344 seconds .

========================================================================
Received Import Request.
  Time since last request: 0.000192 seconds.
  path: Assets/_Barking_Dog/3D Free Modular Kit/_Prefabs/Wall_Simple_01.prefab
  artifactKey: Guid(a4c18952442944083b1fddc06ba477c2) Importer(815301076,1909f56bfc062723c751e8b465ee728b)
Start importing Assets/_Barking_Dog/3D Free Modular Kit/_Prefabs/Wall_Simple_01.prefab using Guid(a4c18952442944083b1fddc06ba477c2) Importer(815301076,1909f56bfc062723c751e8b465ee728b)  -> (artifact id: '89a59cdfd769ebf3a6e62ccba5be56b7') in 0.018371 seconds 
  Import took 0.021201 seconds .

========================================================================
Received Import Request.
  Time since last request: 0.000149 seconds.
  path: Assets/_Barking_Dog/3D Free Modular Kit/_Prefabs/Room_Big_Part_03.prefab
  artifactKey: Guid(39b43e271567b4134a12f482c52c8a0f) Importer(815301076,1909f56bfc062723c751e8b465ee728b)
Start importing Assets/_Barking_Dog/3D Free Modular Kit/_Prefabs/Room_Big_Part_03.prefab using Guid(39b43e271567b4134a12f482c52c8a0f) Importer(815301076,1909f56bfc062723c751e8b465ee728b)  -> (artifact id: 'e07674d061f467ac16dc53eac3d04fa6') in 0.021767 seconds 
  Import took 0.024928 seconds .

========================================================================
Received Import Request.
  Time since last request: 0.000178 seconds.
  path: Assets/_Barking_Dog/3D Free Modular Kit/_Prefabs/Roof_Door_01.prefab
  artifactKey: Guid(1e6809cccc6f04f01b0819da314e428b) Importer(815301076,1909f56bfc062723c751e8b465ee728b)
Start importing Assets/_Barking_Dog/3D Free Modular Kit/_Prefabs/Roof_Door_01.prefab using Guid(1e6809cccc6f04f01b0819da314e428b) Importer(815301076,1909f56bfc062723c751e8b465ee728b)  -> (artifact id: '5292db4a0e3ef90be54a89854fd380c4') in 0.018859 seconds 
  Import took 0.021716 seconds .

========================================================================
Received Import Request.
  Time since last request: 0.000193 seconds.
  path: Assets/_Barking_Dog/3D Free Modular Kit/_Prefabs/Door_Arch_01.prefab
  artifactKey: Guid(0f9396310131e47e3979f1a7cb96c071) Importer(815301076,1909f56bfc062723c751e8b465ee728b)
Start importing Assets/_Barking_Dog/3D Free Modular Kit/_Prefabs/Door_Arch_01.prefab using Guid(0f9396310131e47e3979f1a7cb96c071) Importer(815301076,1909f56bfc062723c751e8b465ee728b)  -> (artifact id: '4fb56233702a3c2a49ef3930d34bbfec') in 0.019370 seconds 
  Import took 0.022541 seconds .

========================================================================
Received Import Request.
  Time since last request: 0.000154 seconds.
  path: Assets/_Barking_Dog/3D Free Modular Kit/_Prefabs/Wall_Arc_90_01.prefab
  artifactKey: Guid(e4f34474191354a5688752acf8cf95fe) Importer(815301076,1909f56bfc062723c751e8b465ee728b)
Start importing Assets/_Barking_Dog/3D Free Modular Kit/_Prefabs/Wall_Arc_90_01.prefab using Guid(e4f34474191354a5688752acf8cf95fe) Importer(815301076,1909f56bfc062723c751e8b465ee728b)  -> (artifact id: '22864825073f2e17bda1a0561c852566') in 0.018891 seconds 
  Import took 0.022144 seconds .

========================================================================
Received Import Request.
  Time since last request: 0.000158 seconds.
  path: Assets/_Barking_Dog/3D Free Modular Kit/_Prefabs/Wall_Arc_90_02.prefab
  artifactKey: Guid(13990f94448cc49c08e917134d8b0479) Importer(815301076,1909f56bfc062723c751e8b465ee728b)
Start importing Assets/_Barking_Dog/3D Free Modular Kit/_Prefabs/Wall_Arc_90_02.prefab using Guid(13990f94448cc49c08e917134d8b0479) Importer(815301076,1909f56bfc062723c751e8b465ee728b)  -> (artifact id: '76e1b4086d2168ed1ed4605f64760413') in 0.018187 seconds 
  Import took 0.021125 seconds .

========================================================================
Received Import Request.
  Time since last request: 0.000161 seconds.
  path: Assets/_Barking_Dog/3D Free Modular Kit/_Prefabs/Roof_Angle_01.prefab
  artifactKey: Guid(c27c7521daec24863af069554ea1fb47) Importer(815301076,1909f56bfc062723c751e8b465ee728b)
Start importing Assets/_Barking_Dog/3D Free Modular Kit/_Prefabs/Roof_Angle_01.prefab using Guid(c27c7521daec24863af069554ea1fb47) Importer(815301076,1909f56bfc062723c751e8b465ee728b)  -> (artifact id: '7fa1874a38972ea41f009b5a5cb19f78') in 0.017326 seconds 
  Import took 0.020353 seconds .

========================================================================
Received Import Request.
  Time since last request: 0.000157 seconds.
  path: Assets/_Barking_Dog/3D Free Modular Kit/_Prefabs/Wall_HalfArc_90_02.prefab
  artifactKey: Guid(618681761d79b4f72b0746a3dcd4bff1) Importer(815301076,1909f56bfc062723c751e8b465ee728b)
Start importing Assets/_Barking_Dog/3D Free Modular Kit/_Prefabs/Wall_HalfArc_90_02.prefab using Guid(618681761d79b4f72b0746a3dcd4bff1) Importer(815301076,1909f56bfc062723c751e8b465ee728b)  -> (artifact id: 'c3697f792a6a24ebb760286fb2ad79d2') in 0.017576 seconds 
  Import took 0.020574 seconds .

========================================================================
Received Import Request.
  Time since last request: 0.000162 seconds.
  path: Assets/_Barking_Dog/3D Free Modular Kit/_Prefabs/Roof_Angle_Large_01.prefab
  artifactKey: Guid(4d57a31eab232457da9acbcc32af22cf) Importer(815301076,1909f56bfc062723c751e8b465ee728b)
Start importing Assets/_Barking_Dog/3D Free Modular Kit/_Prefabs/Roof_Angle_Large_01.prefab using Guid(4d57a31eab232457da9acbcc32af22cf) Importer(815301076,1909f56bfc062723c751e8b465ee728b)  -> (artifact id: '83472546f1c35b3aa06437f4868bd711') in 0.017811 seconds 
  Import took 0.020710 seconds .

========================================================================
Received Import Request.
  Time since last request: 0.000161 seconds.
  path: Assets/_Barking_Dog/3D Free Modular Kit/_Prefabs/Room_Big_Part_01.prefab
  artifactKey: Guid(8db5b99e1590340a4a7166fa4c9f9cf2) Importer(815301076,1909f56bfc062723c751e8b465ee728b)
Start importing Assets/_Barking_Dog/3D Free Modular Kit/_Prefabs/Room_Big_Part_01.prefab using Guid(8db5b99e1590340a4a7166fa4c9f9cf2) Importer(815301076,1909f56bfc062723c751e8b465ee728b)  -> (artifact id: '37dc11abd9cf33f78626c81ce31c1234') in 0.020115 seconds 
  Import took 0.023208 seconds .

========================================================================
Received Import Request.
  Time since last request: 0.000157 seconds.
  path: Assets/_Barking_Dog/3D Free Modular Kit/_Prefabs/Door_Left_01.prefab
  artifactKey: Guid(088b5f04d52a542ec975e88d7d9934f5) Importer(815301076,1909f56bfc062723c751e8b465ee728b)
Start importing Assets/_Barking_Dog/3D Free Modular Kit/_Prefabs/Door_Left_01.prefab using Guid(088b5f04d52a542ec975e88d7d9934f5) Importer(815301076,1909f56bfc062723c751e8b465ee728b)  -> (artifact id: '6f5420be8fa2479223ebfd2a205d5da7') in 0.120721 seconds 
  Import took 0.123602 seconds .

========================================================================
Received Import Request.
  Time since last request: 0.000291 seconds.
  path: Assets/_Barking_Dog/3D Free Modular Kit/_Prefabs/Room_Big_Part_04.prefab
  artifactKey: Guid(338a3a19b542e4a5bae99feecf242132) Importer(815301076,1909f56bfc062723c751e8b465ee728b)
Start importing Assets/_Barking_Dog/3D Free Modular Kit/_Prefabs/Room_Big_Part_04.prefab using Guid(338a3a19b542e4a5bae99feecf242132) Importer(815301076,1909f56bfc062723c751e8b465ee728b)  -> (artifact id: '8540caacc7bd1c97d29a8fa3eaacb1fd') in 0.020663 seconds 
  Import took 0.023731 seconds .

========================================================================
Received Import Request.
  Time since last request: 0.000293 seconds.
  path: Assets/_Barking_Dog/3D Free Modular Kit/_Prefabs/Fan_01.prefab
  artifactKey: Guid(45b9a5b6a96ed4d0699b4faff594d8c4) Importer(815301076,1909f56bfc062723c751e8b465ee728b)
Start importing Assets/_Barking_Dog/3D Free Modular Kit/_Prefabs/Fan_01.prefab using Guid(45b9a5b6a96ed4d0699b4faff594d8c4) Importer(815301076,1909f56bfc062723c751e8b465ee728b)  -> (artifact id: '486d1e87eaa3f369a587831b3cf56523') in 0.019784 seconds 
  Import took 0.023097 seconds .

========================================================================
Received Import Request.
  Time since last request: 39.834514 seconds.
  path: Assets/_Barking_Dog/3D Free Modular Kit/_Meshes
  artifactKey: Guid(ca377711be8374ee891a8e22e6e6bdc4) Importer(815301076,1909f56bfc062723c751e8b465ee728b)
Start importing Assets/_Barking_Dog/3D Free Modular Kit/_Meshes using Guid(ca377711be8374ee891a8e22e6e6bdc4) Importer(815301076,1909f56bfc062723c751e8b465ee728b)  -> (artifact id: '21ba1cd8a70783bbe0acc5c1f3315361') in 0.001920 seconds 
  Import took 0.004394 seconds .

========================================================================
Received Import Request.
  Time since last request: 0.115787 seconds.
  path: Assets/_Barking_Dog/3D Free Modular Kit/_Meshes/Column_01_Top.FBX
  artifactKey: Guid(39b1bd6e779034598a04e38901990489) Importer(815301076,1909f56bfc062723c751e8b465ee728b)
Start importing Assets/_Barking_Dog/3D Free Modular Kit/_Meshes/Column_01_Top.FBX using Guid(39b1bd6e779034598a04e38901990489) Importer(815301076,1909f56bfc062723c751e8b465ee728b)  -> (artifact id: 'dd85a36aa53f609af07364b10181946c') in 0.051064 seconds 
  Import took 0.054043 seconds .

========================================================================
Received Import Request.
  Time since last request: 0.000252 seconds.
  path: Assets/_Barking_Dog/3D Free Modular Kit/_Meshes/Floor_Small_01.FBX
  artifactKey: Guid(f6768e02308fe4b40ba12aece1070179) Importer(815301076,1909f56bfc062723c751e8b465ee728b)
Start importing Assets/_Barking_Dog/3D Free Modular Kit/_Meshes/Floor_Small_01.FBX using Guid(f6768e02308fe4b40ba12aece1070179) Importer(815301076,1909f56bfc062723c751e8b465ee728b)  -> (artifact id: 'd14d5d4072977e1e57d1ee34709e19bd') in 0.024566 seconds 
  Import took 0.027767 seconds .

========================================================================
Received Import Request.
  Time since last request: 0.000414 seconds.
  path: Assets/_Barking_Dog/3D Free Modular Kit/_Meshes/Roof_Door_01.FBX
  artifactKey: Guid(7387acdd6d3eb4b1d80e5da2645047c4) Importer(815301076,1909f56bfc062723c751e8b465ee728b)
Start importing Assets/_Barking_Dog/3D Free Modular Kit/_Meshes/Roof_Door_01.FBX using Guid(7387acdd6d3eb4b1d80e5da2645047c4) Importer(815301076,1909f56bfc062723c751e8b465ee728b)  -> (artifact id: 'ed2158933ac9fe03fee0201b78eec67b') in 0.022988 seconds 
  Import took 0.025782 seconds .

========================================================================
Received Import Request.
  Time since last request: 0.000252 seconds.
  path: Assets/_Barking_Dog/3D Free Modular Kit/_Meshes/Wall_Arc_90_02.FBX
  artifactKey: Guid(638f44b41e0a6471486ec2c4e9ca96fd) Importer(815301076,1909f56bfc062723c751e8b465ee728b)
Start importing Assets/_Barking_Dog/3D Free Modular Kit/_Meshes/Wall_Arc_90_02.FBX using Guid(638f44b41e0a6471486ec2c4e9ca96fd) Importer(815301076,1909f56bfc062723c751e8b465ee728b)  -> (artifact id: '868dcd69867cf4b05b7adc49d7418268') in 0.023676 seconds 
  Import took 0.026392 seconds .

========================================================================
Received Import Request.
  Time since last request: 0.000263 seconds.
  path: Assets/_Barking_Dog/3D Free Modular Kit/_Meshes/Roof_Angle_01.FBX
  artifactKey: Guid(a335669a69f934699847642d88414623) Importer(815301076,1909f56bfc062723c751e8b465ee728b)
Start importing Assets/_Barking_Dog/3D Free Modular Kit/_Meshes/Roof_Angle_01.FBX using Guid(a335669a69f934699847642d88414623) Importer(815301076,1909f56bfc062723c751e8b465ee728b)  -> (artifact id: 'd27928c2a808ca383d2e990e294b35d1') in 0.024338 seconds 
  Import took 0.027124 seconds .

========================================================================
Received Import Request.
  Time since last request: 0.000268 seconds.
  path: Assets/_Barking_Dog/3D Free Modular Kit/_Meshes/Floor_01.FBX
  artifactKey: Guid(318fc5659f68549feb9d55d15a12de2a) Importer(815301076,1909f56bfc062723c751e8b465ee728b)
Start importing Assets/_Barking_Dog/3D Free Modular Kit/_Meshes/Floor_01.FBX using Guid(318fc5659f68549feb9d55d15a12de2a) Importer(815301076,1909f56bfc062723c751e8b465ee728b)  -> (artifact id: '1bfd5937a289be626451705811274515') in 0.021882 seconds 
  Import took 0.024728 seconds .

========================================================================
Received Import Request.
  Time since last request: 0.000209 seconds.
  path: Assets/_Barking_Dog/3D Free Modular Kit/_Meshes/Fan_01.FBX
  artifactKey: Guid(64d2cd6749bca4f3892daf258e7c68a2) Importer(815301076,1909f56bfc062723c751e8b465ee728b)
Start importing Assets/_Barking_Dog/3D Free Modular Kit/_Meshes/Fan_01.FBX using Guid(64d2cd6749bca4f3892daf258e7c68a2) Importer(815301076,1909f56bfc062723c751e8b465ee728b)  -> (artifact id: '600a31b70252b07e7d327e1dddb54213') in 0.029998 seconds 
  Import took 0.033020 seconds .

========================================================================
Received Import Request.
  Time since last request: 0.000235 seconds.
  path: Assets/_Barking_Dog/3D Free Modular Kit/_Meshes/Wall_HalfArc_90_03.FBX
  artifactKey: Guid(38b9333c840464ce789e1b0aff1b89ad) Importer(815301076,1909f56bfc062723c751e8b465ee728b)
Start importing Assets/_Barking_Dog/3D Free Modular Kit/_Meshes/Wall_HalfArc_90_03.FBX using Guid(38b9333c840464ce789e1b0aff1b89ad) Importer(815301076,1909f56bfc062723c751e8b465ee728b)  -> (artifact id: 'fb517c63cb151302c7d507ce030734e3') in 0.020647 seconds 
  Import took 0.023582 seconds .

========================================================================
Received Import Request.
  Time since last request: 0.000215 seconds.
  path: Assets/_Barking_Dog/3D Free Modular Kit/_Meshes/Door_Arch_01.FBX
  artifactKey: Guid(ff2448abfdccb4826856bab7a63c6d68) Importer(815301076,1909f56bfc062723c751e8b465ee728b)
Start importing Assets/_Barking_Dog/3D Free Modular Kit/_Meshes/Door_Arch_01.FBX using Guid(ff2448abfdccb4826856bab7a63c6d68) Importer(815301076,1909f56bfc062723c751e8b465ee728b)  -> (artifact id: 'd7fe91b68fffa3c643cf5deccf76d5aa') in 0.020683 seconds 
  Import took 0.023603 seconds .

========================================================================
Received Import Request.
  Time since last request: 0.000162 seconds.
  path: Assets/_Barking_Dog/3D Free Modular Kit/_Meshes/Wall_Arc_90_01.FBX
  artifactKey: Guid(13aac7515de6a4dd4b3c7979f7dbe7a2) Importer(815301076,1909f56bfc062723c751e8b465ee728b)
Start importing Assets/_Barking_Dog/3D Free Modular Kit/_Meshes/Wall_Arc_90_01.FBX using Guid(13aac7515de6a4dd4b3c7979f7dbe7a2) Importer(815301076,1909f56bfc062723c751e8b465ee728b)  -> (artifact id: '84e4e568663566edb3d006ce37b4f53d') in 0.021667 seconds 
  Import took 0.024594 seconds .

========================================================================
Received Import Request.
  Time since last request: 0.000161 seconds.
  path: Assets/_Barking_Dog/3D Free Modular Kit/_Meshes/Roof_01.FBX
  artifactKey: Guid(76e15ece664ee41ada45b8500a673f22) Importer(815301076,1909f56bfc062723c751e8b465ee728b)
Start importing Assets/_Barking_Dog/3D Free Modular Kit/_Meshes/Roof_01.FBX using Guid(76e15ece664ee41ada45b8500a673f22) Importer(815301076,1909f56bfc062723c751e8b465ee728b)  -> (artifact id: '4bd5e706688b7ca9b4e0ec1fd57646df') in 0.021915 seconds 
  Import took 0.024887 seconds .

========================================================================
Received Import Request.
  Time since last request: 0.000158 seconds.
  path: Assets/_Barking_Dog/3D Free Modular Kit/_Meshes/Roof_Angle_Smal_01.FBX
  artifactKey: Guid(2c0055bf80c5d48de99a4610f68413ac) Importer(815301076,1909f56bfc062723c751e8b465ee728b)
Start importing Assets/_Barking_Dog/3D Free Modular Kit/_Meshes/Roof_Angle_Smal_01.FBX using Guid(2c0055bf80c5d48de99a4610f68413ac) Importer(815301076,1909f56bfc062723c751e8b465ee728b)  -> (artifact id: '39e837ae2d5043d068e1d282c1d7e415') in 0.020044 seconds 
  Import took 0.022797 seconds .

========================================================================
Received Import Request.
  Time since last request: 0.000162 seconds.
  path: Assets/_Barking_Dog/3D Free Modular Kit/_Meshes/Wall_Simple_01.FBX
  artifactKey: Guid(8386fa60b76534bc0856f1d023537484) Importer(815301076,1909f56bfc062723c751e8b465ee728b)
Start importing Assets/_Barking_Dog/3D Free Modular Kit/_Meshes/Wall_Simple_01.FBX using Guid(8386fa60b76534bc0856f1d023537484) Importer(815301076,1909f56bfc062723c751e8b465ee728b)  -> (artifact id: 'f1ccd9ff16d85cf8f1a2cb256c66f4f6') in 0.022921 seconds 
  Import took 0.025664 seconds .

========================================================================
Received Import Request.
  Time since last request: 0.000152 seconds.
  path: Assets/_Barking_Dog/3D Free Modular Kit/_Meshes/Roof_Angle_Large_01.FBX
  artifactKey: Guid(c7f0be1a7661a448388e936acefcd607) Importer(815301076,1909f56bfc062723c751e8b465ee728b)
Start importing Assets/_Barking_Dog/3D Free Modular Kit/_Meshes/Roof_Angle_Large_01.FBX using Guid(c7f0be1a7661a448388e936acefcd607) Importer(815301076,1909f56bfc062723c751e8b465ee728b)  -> (artifact id: 'c7e8553afe7eb9002424dc98b65ad21d') in 0.022475 seconds 
  Import took 0.025837 seconds .

========================================================================
Received Import Request.
  Time since last request: 0.000177 seconds.
  path: Assets/_Barking_Dog/3D Free Modular Kit/_Meshes/Light_01.FBX
  artifactKey: Guid(45d2e8119c39748209c49281be62d9a7) Importer(815301076,1909f56bfc062723c751e8b465ee728b)
Start importing Assets/_Barking_Dog/3D Free Modular Kit/_Meshes/Light_01.FBX using Guid(45d2e8119c39748209c49281be62d9a7) Importer(815301076,1909f56bfc062723c751e8b465ee728b)  -> (artifact id: '57123e7ceb03ec7d0c20e0804c352091') in 0.026089 seconds 
  Import took 0.029149 seconds .

========================================================================
Received Import Request.
  Time since last request: 0.000159 seconds.
  path: Assets/_Barking_Dog/3D Free Modular Kit/_Meshes/Wall_HalfArc_90_02.FBX
  artifactKey: Guid(fcd3445ec3ee04cb285c72daf3ae46ec) Importer(815301076,1909f56bfc062723c751e8b465ee728b)
Start importing Assets/_Barking_Dog/3D Free Modular Kit/_Meshes/Wall_HalfArc_90_02.FBX using Guid(fcd3445ec3ee04cb285c72daf3ae46ec) Importer(815301076,1909f56bfc062723c751e8b465ee728b)  -> (artifact id: 'ff2498ce1ada92f0853fe1f95bdfcc13') in 0.026491 seconds 
  Import took 0.029510 seconds .

========================================================================
Received Import Request.
  Time since last request: 0.000161 seconds.
  path: Assets/_Barking_Dog/3D Free Modular Kit/_Meshes/Door_Left_01.FBX
  artifactKey: Guid(7fe4a827493384beea453a7d680fa266) Importer(815301076,1909f56bfc062723c751e8b465ee728b)
Start importing Assets/_Barking_Dog/3D Free Modular Kit/_Meshes/Door_Left_01.FBX using Guid(7fe4a827493384beea453a7d680fa266) Importer(815301076,1909f56bfc062723c751e8b465ee728b)  -> (artifact id: '4ab7764a1f87b086787385d4e438c43d') in 0.025851 seconds 
  Import took 0.029024 seconds .

========================================================================
Received Prepare
Registering precompiled user dll's ...
Registered in 0.002796 seconds.
Begin MonoManager ReloadAssembly
Native extension for WindowsStandalone target not found
Refreshing native plugins compatible for Editor in 0.30 ms, found 2 plugins.
Preloading 0 native plugins for Editor in 0.00 ms.
Mono: successfully reloaded assembly
- Completed reload, in  0.975 seconds
Domain Reload Profiling:
	ReloadAssembly (975ms)
		BeginReloadAssembly (113ms)
			ExecutionOrderSort (0ms)
			DisableScriptedObjects (5ms)
			BackupInstance (0ms)
			ReleaseScriptingObjects (0ms)
			CreateAndSetChildDomain (34ms)
		EndReloadAssembly (796ms)
			LoadAssemblies (85ms)
			RebuildTransferFunctionScriptingTraits (0ms)
			SetupTypeCache (291ms)
			ReleaseScriptCaches (1ms)
			RebuildScriptCaches (37ms)
			SetupLoadedEditorAssemblies (276ms)
				LogAssemblyErrors (0ms)
				InitializePlatformSupportModulesInManaged (5ms)
				SetLoadedEditorAssemblies (0ms)
				RefreshPlugins (0ms)
				BeforeProcessingInitializeOnLoad (49ms)
				ProcessInitializeOnLoadAttributes (209ms)
				ProcessInitializeOnLoadMethodAttributes (5ms)
				AfterProcessingInitializeOnLoad (7ms)
				EditorAssembliesLoaded (0ms)
			ExecutionOrderSort2 (0ms)
			AwakeInstancesAfterBackupRestoration (9ms)
Platform modules already initialized, skipping
Refreshing native plugins compatible for Editor in 0.32 ms, found 2 plugins.
Preloading 0 native plugins for Editor in 0.00 ms.
Unloading 1394 Unused Serialized files (Serialized files now loaded: 0)
System memory in use before: 68.3 MB.
System memory in use after: 68.4 MB.

Unloading 11 unused Assets to reduce memory usage. Loaded Objects now: 1847.
Total: 2.798600 ms (FindLiveObjects: 0.141300 ms CreateObjectMapping: 0.046900 ms MarkObjects: 2.569200 ms  DeleteObjects: 0.040100 ms)

AssetImportParameters requested are different than current active one (requested -> active):
  custom:framework-win-MediaFoundation: 216162199b28c13a410421893ffa2e32 -> 
  custom:video-decoder-ogg-theora: a1e56fd34408186e4bbccfd4996cb3dc -> 
  custom:container-muxer-webm: aa71ff27fc2769a1b78a27578f13a17b -> 
  custom:container-demuxer-webm: 4f35f7cbe854078d1ac9338744f61a02 -> 
  custom:container-demuxer-ogg: 62fdf1f143b41e24485cea50d1cbac27 -> 
  custom:video-encoder-webm-vp8: eb34c28f22e8b96e1ab97ce403110664 -> 
  custom:video-decoder-webm-vp8: 9c59270c3fd7afecdb556c50c9e8de78 -> 
  custom:audio-decoder-ogg-vorbis: bf7c407c2cedff20999df2af8eb42d56 -> 
  custom:audio-encoder-webm-vorbis: bf7c407c2cedff20999df2af8eb42d56 -> 
========================================================================
Received Import Request.
  Time since last request: 441.525791 seconds.
  path: Assets/ModularFirstPersonController/How To Use.pdf
  artifactKey: Guid(167a5ec0045348e4997182aa0e0fcea2) Importer(815301076,1909f56bfc062723c751e8b465ee728b)
Start importing Assets/ModularFirstPersonController/How To Use.pdf using Guid(167a5ec0045348e4997182aa0e0fcea2) Importer(815301076,1909f56bfc062723c751e8b465ee728b)  -> (artifact id: '43c29f49babc81f261ed8051a5958401') in 0.016532 seconds 
  Import took 0.019000 seconds .

========================================================================
Received Import Request.
  Time since last request: 21.866248 seconds.
  path: Assets/Prefabs/Enemy.prefab
  artifactKey: Guid(1159ad7e9abbfdd4b83d50581d332fcb) Importer(815301076,1909f56bfc062723c751e8b465ee728b)
Start importing Assets/Prefabs/Enemy.prefab using Guid(1159ad7e9abbfdd4b83d50581d332fcb) Importer(815301076,1909f56bfc062723c751e8b465ee728b)  -> (artifact id: '4a70feda149d7bcfdbf9751365b5e46a') in 0.048975 seconds 
  Import took 0.051686 seconds .

========================================================================
Received Import Request.
  Time since last request: 8.874136 seconds.
  path: Assets/ModularFirstPersonController/FirstPersonController
  artifactKey: Guid(f37b4faf82d1edb47811f804ec33f9da) Importer(815301076,1909f56bfc062723c751e8b465ee728b)
Start importing Assets/ModularFirstPersonController/FirstPersonController using Guid(f37b4faf82d1edb47811f804ec33f9da) Importer(815301076,1909f56bfc062723c751e8b465ee728b)  -> (artifact id: 'ff63d7d72f2b3a1f9d4f6f4757373b64') in 0.002063 seconds 
  Import took 0.004454 seconds .

========================================================================
Received Import Request.
  Time since last request: 0.224218 seconds.
  path: Assets/ModularFirstPersonController/FirstPersonController/CircleReticle.png
  artifactKey: Guid(be4ce60e2c9768c44b9b10b9c5258045) Importer(815301076,1909f56bfc062723c751e8b465ee728b)
Start importing Assets/ModularFirstPersonController/FirstPersonController/CircleReticle.png using Guid(be4ce60e2c9768c44b9b10b9c5258045) Importer(815301076,1909f56bfc062723c751e8b465ee728b)  -> (artifact id: '77496d005cfebb7b64ace53e7e656ba7') in 0.025528 seconds 
  Import took 0.028128 seconds .

========================================================================
Received Import Request.
  Time since last request: 0.000262 seconds.
  path: Assets/ModularFirstPersonController/FirstPersonController/FirstPersonController.prefab
  artifactKey: Guid(6bacecc4f3df9584198879c73a6b6c36) Importer(815301076,1909f56bfc062723c751e8b465ee728b)
Start importing Assets/ModularFirstPersonController/FirstPersonController/FirstPersonController.prefab using Guid(6bacecc4f3df9584198879c73a6b6c36) Importer(815301076,1909f56bfc062723c751e8b465ee728b)  -> (artifact id: '0707e01fd9aacb8411d818262a5d4d6f') in 0.021486 seconds 
  Import took 0.023862 seconds .

========================================================================
Received Import Request.
  Time since last request: 3.176013 seconds.
  path: Assets/ModularFirstPersonController/DemoScene
  artifactKey: Guid(7d2c7648db4398a488c3e3a2d79fab5f) Importer(815301076,1909f56bfc062723c751e8b465ee728b)
Start importing Assets/ModularFirstPersonController/DemoScene using Guid(7d2c7648db4398a488c3e3a2d79fab5f) Importer(815301076,1909f56bfc062723c751e8b465ee728b)  -> (artifact id: '1d8d37ebc9b6aa06c8888a501cf664d3') in 0.002075 seconds 
  Import took 0.004413 seconds .

========================================================================
Received Import Request.
  Time since last request: 1.669608 seconds.
  path: Assets/ModularFirstPersonController/DemoScene/Gridbox Prototype Materials
  artifactKey: Guid(2807a3fa4a5ba6442a3fd6dc9d42c05f) Importer(815301076,1909f56bfc062723c751e8b465ee728b)
Start importing Assets/ModularFirstPersonController/DemoScene/Gridbox Prototype Materials using Guid(2807a3fa4a5ba6442a3fd6dc9d42c05f) Importer(815301076,1909f56bfc062723c751e8b465ee728b)  -> (artifact id: '6ad5e69a8b173d16eb8d6a3875ca6417') in 0.001937 seconds 
  Import took 0.004333 seconds .

========================================================================
Received Import Request.
  Time since last request: 287.558959 seconds.
  path: Assets/ModularFirstPersonController/FirstPersonController/FirstPersonController.cs
  artifactKey: Guid(d90ba6530d9bfda47abb4610956b2f44) Importer(815301076,1909f56bfc062723c751e8b465ee728b)
Start importing Assets/ModularFirstPersonController/FirstPersonController/FirstPersonController.cs using Guid(d90ba6530d9bfda47abb4610956b2f44) Importer(815301076,1909f56bfc062723c751e8b465ee728b)  -> (artifact id: '4a420e9dcc19901ac7f964b536f23ad2') in 0.003782 seconds 
  Import took 0.006590 seconds .

========================================================================
Received Prepare
Registering precompiled user dll's ...
Registered in 0.001813 seconds.
Begin MonoManager ReloadAssembly
Native extension for WindowsStandalone target not found
Refreshing native plugins compatible for Editor in 0.32 ms, found 2 plugins.
Preloading 0 native plugins for Editor in 0.00 ms.
Mono: successfully reloaded assembly
- Completed reload, in  0.960 seconds
Domain Reload Profiling:
	ReloadAssembly (961ms)
		BeginReloadAssembly (112ms)
			ExecutionOrderSort (0ms)
			DisableScriptedObjects (4ms)
			BackupInstance (0ms)
			ReleaseScriptingObjects (0ms)
			CreateAndSetChildDomain (32ms)
		EndReloadAssembly (780ms)
			LoadAssemblies (84ms)
			RebuildTransferFunctionScriptingTraits (0ms)
			SetupTypeCache (270ms)
			ReleaseScriptCaches (1ms)
			RebuildScriptCaches (39ms)
			SetupLoadedEditorAssemblies (286ms)
				LogAssemblyErrors (0ms)
				InitializePlatformSupportModulesInManaged (6ms)
				SetLoadedEditorAssemblies (0ms)
				RefreshPlugins (0ms)
				BeforeProcessingInitializeOnLoad (51ms)
				ProcessInitializeOnLoadAttributes (218ms)
				ProcessInitializeOnLoadMethodAttributes (4ms)
				AfterProcessingInitializeOnLoad (6ms)
				EditorAssembliesLoaded (0ms)
			ExecutionOrderSort2 (0ms)
			AwakeInstancesAfterBackupRestoration (7ms)
Platform modules already initialized, skipping
Refreshing native plugins compatible for Editor in 0.35 ms, found 2 plugins.
Preloading 0 native plugins for Editor in 0.00 ms.
Unloading 1394 Unused Serialized files (Serialized files now loaded: 0)
System memory in use before: 68.5 MB.
System memory in use after: 68.6 MB.

Unloading 12 unused Assets to reduce memory usage. Loaded Objects now: 1857.
Total: 2.916000 ms (FindLiveObjects: 0.134400 ms CreateObjectMapping: 0.043000 ms MarkObjects: 2.699800 ms  DeleteObjects: 0.037900 ms)

AssetImportParameters requested are different than current active one (requested -> active):
  custom:framework-win-MediaFoundation: 216162199b28c13a410421893ffa2e32 -> 
  custom:video-decoder-ogg-theora: a1e56fd34408186e4bbccfd4996cb3dc -> 
  custom:container-muxer-webm: aa71ff27fc2769a1b78a27578f13a17b -> 
  custom:container-demuxer-webm: 4f35f7cbe854078d1ac9338744f61a02 -> 
  custom:container-demuxer-ogg: 62fdf1f143b41e24485cea50d1cbac27 -> 
  custom:video-encoder-webm-vp8: eb34c28f22e8b96e1ab97ce403110664 -> 
  custom:video-decoder-webm-vp8: 9c59270c3fd7afecdb556c50c9e8de78 -> 
  custom:audio-decoder-ogg-vorbis: bf7c407c2cedff20999df2af8eb42d56 -> 
  custom:audio-encoder-webm-vorbis: bf7c407c2cedff20999df2af8eb42d56 -> 
========================================================================
Received Prepare
Registering precompiled user dll's ...
Registered in 0.001796 seconds.
Begin MonoManager ReloadAssembly
Native extension for WindowsStandalone target not found
Refreshing native plugins compatible for Editor in 0.33 ms, found 2 plugins.
Preloading 0 native plugins for Editor in 0.00 ms.
Mono: successfully reloaded assembly
- Completed reload, in  1.063 seconds
Domain Reload Profiling:
	ReloadAssembly (1063ms)
		BeginReloadAssembly (107ms)
			ExecutionOrderSort (0ms)
			DisableScriptedObjects (6ms)
			BackupInstance (0ms)
			ReleaseScriptingObjects (0ms)
			CreateAndSetChildDomain (31ms)
		EndReloadAssembly (883ms)
			LoadAssemblies (104ms)
			RebuildTransferFunctionScriptingTraits (0ms)
			SetupTypeCache (359ms)
			ReleaseScriptCaches (1ms)
			RebuildScriptCaches (39ms)
			SetupLoadedEditorAssemblies (280ms)
				LogAssemblyErrors (0ms)
				InitializePlatformSupportModulesInManaged (5ms)
				SetLoadedEditorAssemblies (0ms)
				RefreshPlugins (0ms)
				BeforeProcessingInitializeOnLoad (51ms)
				ProcessInitializeOnLoadAttributes (212ms)
				ProcessInitializeOnLoadMethodAttributes (4ms)
				AfterProcessingInitializeOnLoad (6ms)
				EditorAssembliesLoaded (0ms)
			ExecutionOrderSort2 (0ms)
			AwakeInstancesAfterBackupRestoration (7ms)
Platform modules already initialized, skipping
Refreshing native plugins compatible for Editor in 0.38 ms, found 2 plugins.
Preloading 0 native plugins for Editor in 0.00 ms.
Unloading 1394 Unused Serialized files (Serialized files now loaded: 0)
System memory in use before: 68.5 MB.
System memory in use after: 68.6 MB.

Unloading 11 unused Assets to reduce memory usage. Loaded Objects now: 1859.
Total: 2.836800 ms (FindLiveObjects: 0.155000 ms CreateObjectMapping: 0.046800 ms MarkObjects: 2.596700 ms  DeleteObjects: 0.037100 ms)

AssetImportParameters requested are different than current active one (requested -> active):
  custom:framework-win-MediaFoundation: 216162199b28c13a410421893ffa2e32 -> 
  custom:video-decoder-ogg-theora: a1e56fd34408186e4bbccfd4996cb3dc -> 
  custom:container-muxer-webm: aa71ff27fc2769a1b78a27578f13a17b -> 
  custom:container-demuxer-webm: 4f35f7cbe854078d1ac9338744f61a02 -> 
  custom:container-demuxer-ogg: 62fdf1f143b41e24485cea50d1cbac27 -> 
  custom:video-encoder-webm-vp8: eb34c28f22e8b96e1ab97ce403110664 -> 
  custom:video-decoder-webm-vp8: 9c59270c3fd7afecdb556c50c9e8de78 -> 
  custom:audio-decoder-ogg-vorbis: bf7c407c2cedff20999df2af8eb42d56 -> 
  custom:audio-encoder-webm-vorbis: bf7c407c2cedff20999df2af8eb42d56 -> 
========================================================================
Received Prepare
Registering precompiled user dll's ...
Registered in 0.001937 seconds.
Begin MonoManager ReloadAssembly
Native extension for WindowsStandalone target not found
Refreshing native plugins compatible for Editor in 0.30 ms, found 2 plugins.
Preloading 0 native plugins for Editor in 0.00 ms.
Mono: successfully reloaded assembly
- Completed reload, in  0.953 seconds
Domain Reload Profiling:
	ReloadAssembly (953ms)
		BeginReloadAssembly (117ms)
			ExecutionOrderSort (0ms)
			DisableScriptedObjects (5ms)
			BackupInstance (0ms)
			ReleaseScriptingObjects (0ms)
			CreateAndSetChildDomain (31ms)
		EndReloadAssembly (772ms)
			LoadAssemblies (83ms)
			RebuildTransferFunctionScriptingTraits (0ms)
			SetupTypeCache (271ms)
			ReleaseScriptCaches (1ms)
			RebuildScriptCaches (38ms)
			SetupLoadedEditorAssemblies (278ms)
				LogAssemblyErrors (0ms)
				InitializePlatformSupportModulesInManaged (5ms)
				SetLoadedEditorAssemblies (0ms)
				RefreshPlugins (0ms)
				BeforeProcessingInitializeOnLoad (51ms)
				ProcessInitializeOnLoadAttributes (211ms)
				ProcessInitializeOnLoadMethodAttributes (4ms)
				AfterProcessingInitializeOnLoad (6ms)
				EditorAssembliesLoaded (0ms)
			ExecutionOrderSort2 (0ms)
			AwakeInstancesAfterBackupRestoration (7ms)
Platform modules already initialized, skipping
Refreshing native plugins compatible for Editor in 0.35 ms, found 2 plugins.
Preloading 0 native plugins for Editor in 0.00 ms.
Unloading 1394 Unused Serialized files (Serialized files now loaded: 0)
System memory in use before: 68.5 MB.
System memory in use after: 68.6 MB.

Unloading 11 unused Assets to reduce memory usage. Loaded Objects now: 1861.
Total: 2.891400 ms (FindLiveObjects: 0.133100 ms CreateObjectMapping: 0.046300 ms MarkObjects: 2.673100 ms  DeleteObjects: 0.037400 ms)

AssetImportParameters requested are different than current active one (requested -> active):
  custom:framework-win-MediaFoundation: 216162199b28c13a410421893ffa2e32 -> 
  custom:video-decoder-ogg-theora: a1e56fd34408186e4bbccfd4996cb3dc -> 
  custom:container-muxer-webm: aa71ff27fc2769a1b78a27578f13a17b -> 
  custom:container-demuxer-webm: 4f35f7cbe854078d1ac9338744f61a02 -> 
  custom:container-demuxer-ogg: 62fdf1f143b41e24485cea50d1cbac27 -> 
  custom:video-encoder-webm-vp8: eb34c28f22e8b96e1ab97ce403110664 -> 
  custom:video-decoder-webm-vp8: 9c59270c3fd7afecdb556c50c9e8de78 -> 
  custom:audio-decoder-ogg-vorbis: bf7c407c2cedff20999df2af8eb42d56 -> 
  custom:audio-encoder-webm-vorbis: bf7c407c2cedff20999df2af8eb42d56 -> 
========================================================================
Received Prepare
Registering precompiled user dll's ...
Registered in 0.002637 seconds.
Begin MonoManager ReloadAssembly
Native extension for WindowsStandalone target not found
Refreshing native plugins compatible for Editor in 0.30 ms, found 2 plugins.
Preloading 0 native plugins for Editor in 0.00 ms.
Mono: successfully reloaded assembly
- Completed reload, in  1.005 seconds
Domain Reload Profiling:
	ReloadAssembly (1006ms)
		BeginReloadAssembly (116ms)
			ExecutionOrderSort (0ms)
			DisableScriptedObjects (5ms)
			BackupInstance (0ms)
			ReleaseScriptingObjects (0ms)
			CreateAndSetChildDomain (32ms)
		EndReloadAssembly (825ms)
			LoadAssemblies (84ms)
			RebuildTransferFunctionScriptingTraits (0ms)
			SetupTypeCache (295ms)
			ReleaseScriptCaches (1ms)
			RebuildScriptCaches (45ms)
			SetupLoadedEditorAssemblies (290ms)
				LogAssemblyErrors (0ms)
				InitializePlatformSupportModulesInManaged (5ms)
				SetLoadedEditorAssemblies (0ms)
				RefreshPlugins (0ms)
				BeforeProcessingInitializeOnLoad (55ms)
				ProcessInitializeOnLoadAttributes (218ms)
				ProcessInitializeOnLoadMethodAttributes (4ms)
				AfterProcessingInitializeOnLoad (6ms)
				EditorAssembliesLoaded (0ms)
			ExecutionOrderSort2 (0ms)
			AwakeInstancesAfterBackupRestoration (7ms)
Platform modules already initialized, skipping
Refreshing native plugins compatible for Editor in 0.31 ms, found 2 plugins.
Preloading 0 native plugins for Editor in 0.00 ms.
Unloading 1394 Unused Serialized files (Serialized files now loaded: 0)
System memory in use before: 68.5 MB.
System memory in use after: 68.6 MB.

Unloading 11 unused Assets to reduce memory usage. Loaded Objects now: 1863.
Total: 2.889400 ms (FindLiveObjects: 0.133600 ms CreateObjectMapping: 0.043000 ms MarkObjects: 2.678100 ms  DeleteObjects: 0.033200 ms)

AssetImportParameters requested are different than current active one (requested -> active):
  custom:framework-win-MediaFoundation: 216162199b28c13a410421893ffa2e32 -> 
  custom:video-decoder-ogg-theora: a1e56fd34408186e4bbccfd4996cb3dc -> 
  custom:container-muxer-webm: aa71ff27fc2769a1b78a27578f13a17b -> 
  custom:container-demuxer-webm: 4f35f7cbe854078d1ac9338744f61a02 -> 
  custom:container-demuxer-ogg: 62fdf1f143b41e24485cea50d1cbac27 -> 
  custom:video-encoder-webm-vp8: eb34c28f22e8b96e1ab97ce403110664 -> 
  custom:video-decoder-webm-vp8: 9c59270c3fd7afecdb556c50c9e8de78 -> 
  custom:audio-decoder-ogg-vorbis: bf7c407c2cedff20999df2af8eb42d56 -> 
  custom:audio-encoder-webm-vorbis: bf7c407c2cedff20999df2af8eb42d56 -> 
========================================================================
Received Prepare
Registering precompiled user dll's ...
Registered in 0.001738 seconds.
Begin MonoManager ReloadAssembly
Native extension for WindowsStandalone target not found
Refreshing native plugins compatible for Editor in 0.50 ms, found 2 plugins.
Preloading 0 native plugins for Editor in 0.00 ms.
Mono: successfully reloaded assembly
- Completed reload, in  0.934 seconds
Domain Reload Profiling:
	ReloadAssembly (934ms)
		BeginReloadAssembly (104ms)
			ExecutionOrderSort (0ms)
			DisableScriptedObjects (5ms)
			BackupInstance (0ms)
			ReleaseScriptingObjects (0ms)
			CreateAndSetChildDomain (30ms)
		EndReloadAssembly (767ms)
			LoadAssemblies (83ms)
			RebuildTransferFunctionScriptingTraits (0ms)
			SetupTypeCache (265ms)
			ReleaseScriptCaches (1ms)
			RebuildScriptCaches (39ms)
			SetupLoadedEditorAssemblies (278ms)
				LogAssemblyErrors (0ms)
				InitializePlatformSupportModulesInManaged (5ms)
				SetLoadedEditorAssemblies (1ms)
				RefreshPlugins (1ms)
				BeforeProcessingInitializeOnLoad (51ms)
				ProcessInitializeOnLoadAttributes (210ms)
				ProcessInitializeOnLoadMethodAttributes (4ms)
				AfterProcessingInitializeOnLoad (6ms)
				EditorAssembliesLoaded (0ms)
			ExecutionOrderSort2 (0ms)
			AwakeInstancesAfterBackupRestoration (7ms)
Platform modules already initialized, skipping
Refreshing native plugins compatible for Editor in 0.31 ms, found 2 plugins.
Preloading 0 native plugins for Editor in 0.00 ms.
Unloading 1395 Unused Serialized files (Serialized files now loaded: 0)
System memory in use before: 68.5 MB.
System memory in use after: 68.7 MB.

Unloading 11 unused Assets to reduce memory usage. Loaded Objects now: 1866.
Total: 2.947300 ms (FindLiveObjects: 0.124600 ms CreateObjectMapping: 0.037900 ms MarkObjects: 2.756600 ms  DeleteObjects: 0.027000 ms)

AssetImportParameters requested are different than current active one (requested -> active):
  custom:framework-win-MediaFoundation: 216162199b28c13a410421893ffa2e32 -> 
  custom:video-decoder-ogg-theora: a1e56fd34408186e4bbccfd4996cb3dc -> 
  custom:container-muxer-webm: aa71ff27fc2769a1b78a27578f13a17b -> 
  custom:container-demuxer-webm: 4f35f7cbe854078d1ac9338744f61a02 -> 
  custom:container-demuxer-ogg: 62fdf1f143b41e24485cea50d1cbac27 -> 
  custom:video-encoder-webm-vp8: eb34c28f22e8b96e1ab97ce403110664 -> 
  custom:video-decoder-webm-vp8: 9c59270c3fd7afecdb556c50c9e8de78 -> 
  custom:audio-decoder-ogg-vorbis: bf7c407c2cedff20999df2af8eb42d56 -> 
  custom:audio-encoder-webm-vorbis: bf7c407c2cedff20999df2af8eb42d56 -> 
========================================================================
Received Import Request.
  Time since last request: 934.688295 seconds.
  path: Assets/True_Horror_Creatures/Creature_test.unity
  artifactKey: Guid(d8689512fd6568c439fc4aaeec02691b) Importer(815301076,1909f56bfc062723c751e8b465ee728b)
Start importing Assets/True_Horror_Creatures/Creature_test.unity using Guid(d8689512fd6568c439fc4aaeec02691b) Importer(815301076,1909f56bfc062723c751e8b465ee728b)  -> (artifact id: '2d62a8172f29a9c48c5715399506fea0') in 0.010973 seconds 
  Import took 0.013303 seconds .

========================================================================
Received Import Request.
  Time since last request: 16.040800 seconds.
  path: Assets/Scenes/SampleScene.unity
  artifactKey: Guid(9fc0d4010bbf28b4594072e72b8655ab) Importer(815301076,1909f56bfc062723c751e8b465ee728b)
Start importing Assets/Scenes/SampleScene.unity using Guid(9fc0d4010bbf28b4594072e72b8655ab) Importer(815301076,1909f56bfc062723c751e8b465ee728b)  -> (artifact id: '9d0d80eeeb397d13c615a0cf3107202d') in 0.002786 seconds 
  Import took 0.005665 seconds .

========================================================================
Received Import Request.
  Time since last request: 6.086583 seconds.
  path: Assets/_Barking_Dog/3D Free Modular Kit/_Textures/Ambient_01.png
  artifactKey: Guid(0155e7c553ce645b9a03c0441f234ed4) Importer(815301076,1909f56bfc062723c751e8b465ee728b)
Start importing Assets/_Barking_Dog/3D Free Modular Kit/_Textures/Ambient_01.png using Guid(0155e7c553ce645b9a03c0441f234ed4) Importer(815301076,1909f56bfc062723c751e8b465ee728b)  -> (artifact id: '1f5c366f22181cef17f90a13cfd3478d') in 0.024022 seconds 
  Import took 0.026588 seconds .

========================================================================
Received Import Request.
  Time since last request: 0.000281 seconds.
  path: Assets/_Barking_Dog/3D Free Modular Kit/_Textures/Normal_01.png
  artifactKey: Guid(5e704b54cc0cc4015add600ce739fb2f) Importer(815301076,1909f56bfc062723c751e8b465ee728b)
Start importing Assets/_Barking_Dog/3D Free Modular Kit/_Textures/Normal_01.png using Guid(5e704b54cc0cc4015add600ce739fb2f) Importer(815301076,1909f56bfc062723c751e8b465ee728b)  -> (artifact id: '9bdbba98d6707ad0ec6aa1090eb0085d') in 0.013521 seconds 
  Import took 0.015636 seconds .

========================================================================
Received Import Request.
  Time since last request: 0.000239 seconds.
  path: Assets/_Barking_Dog/3D Free Modular Kit/_Textures/Metal_01.tif
  artifactKey: Guid(1d3de45b986d240139bd085299915265) Importer(815301076,1909f56bfc062723c751e8b465ee728b)
Start importing Assets/_Barking_Dog/3D Free Modular Kit/_Textures/Metal_01.tif using Guid(1d3de45b986d240139bd085299915265) Importer(815301076,1909f56bfc062723c751e8b465ee728b)  -> (artifact id: '872d3d584170c87c6b4b0a7221cfc057') in 0.009298 seconds 
  Import took 0.011398 seconds .

========================================================================
Received Import Request.
  Time since last request: 0.000262 seconds.
  path: Assets/_Barking_Dog/3D Free Modular Kit/_Textures/Neon.png
  artifactKey: Guid(b5c9448ddba954bc0afcc5c19cf42525) Importer(815301076,1909f56bfc062723c751e8b465ee728b)
Start importing Assets/_Barking_Dog/3D Free Modular Kit/_Textures/Neon.png using Guid(b5c9448ddba954bc0afcc5c19cf42525) Importer(815301076,1909f56bfc062723c751e8b465ee728b)  -> (artifact id: '06832320425218c69b2da0b3745a86ca') in 0.005230 seconds 
  Import took 0.007707 seconds .

========================================================================
Received Import Request.
  Time since last request: 0.000238 seconds.
  path: Assets/_Barking_Dog/3D Free Modular Kit/_Textures/Diffuse_01.png
  artifactKey: Guid(b2c54144d5fbb4a14b95d5e2ec07dbf7) Importer(815301076,1909f56bfc062723c751e8b465ee728b)
Start importing Assets/_Barking_Dog/3D Free Modular Kit/_Textures/Diffuse_01.png using Guid(b2c54144d5fbb4a14b95d5e2ec07dbf7) Importer(815301076,1909f56bfc062723c751e8b465ee728b)  -> (artifact id: '17c2faa9a2009cf9b14e4dec36d46edb') in 0.008262 seconds 
  Import took 0.012700 seconds .

========================================================================
Received Import Request.
  Time since last request: 2.688086 seconds.
  path: Assets/_Barking_Dog/3D Free Modular Kit/Test_Map/LightingData.asset
  artifactKey: Guid(5ccf681a5a6a0d34ba50f7346e31858c) Importer(815301076,1909f56bfc062723c751e8b465ee728b)
Start importing Assets/_Barking_Dog/3D Free Modular Kit/Test_Map/LightingData.asset using Guid(5ccf681a5a6a0d34ba50f7346e31858c) Importer(815301076,1909f56bfc062723c751e8b465ee728b)  -> (artifact id: 'a78407d83ab68c918d5fdc3868df110b') in 0.036771 seconds 
  Import took 0.039379 seconds .

========================================================================
Received Import Request.
  Time since last request: 12.157610 seconds.
  path: Assets/_Barking_Dog/3D Free Modular Kit/Test_Map.unity
  artifactKey: Guid(7b533dfe561bc47c8975c955fe4ef3d3) Importer(815301076,1909f56bfc062723c751e8b465ee728b)
Start importing Assets/_Barking_Dog/3D Free Modular Kit/Test_Map.unity using Guid(7b533dfe561bc47c8975c955fe4ef3d3) Importer(815301076,1909f56bfc062723c751e8b465ee728b)  -> (artifact id: '0fc369bd40a108e85dd25ed13b171631') in 0.002221 seconds 
  Import took 0.005095 seconds .

========================================================================
Received Import Request.
  Time since last request: 19.386485 seconds.
  path: Assets/True_Horror_Creatures/Horror_creature6_v1.0
  artifactKey: Guid(c19effc665073ea45b19ece5e6094b13) Importer(815301076,1909f56bfc062723c751e8b465ee728b)
Start importing Assets/True_Horror_Creatures/Horror_creature6_v1.0 using Guid(c19effc665073ea45b19ece5e6094b13) Importer(815301076,1909f56bfc062723c751e8b465ee728b)  -> (artifact id: 'e4115747746f591a5818941d004aa3e1') in 0.002584 seconds 
  Import took 0.005841 seconds .

========================================================================
Received Import Request.
  Time since last request: 0.087764 seconds.
  path: Assets/True_Horror_Creatures/Horror_creature6_v1.0/thc6.fbx
  artifactKey: Guid(1c345d5c2a9b820439fe3bd81aa11b09) Importer(815301076,1909f56bfc062723c751e8b465ee728b)
Start importing Assets/True_Horror_Creatures/Horror_creature6_v1.0/thc6.fbx using Guid(1c345d5c2a9b820439fe3bd81aa11b09) Importer(815301076,1909f56bfc062723c751e8b465ee728b)  -> (artifact id: 'f390509fd222b9e19cde07135e233dcf') in 0.189900 seconds 
  Import took 0.194642 seconds .

========================================================================
Received Import Request.
  Time since last request: 2.550032 seconds.
  path: Assets/True_Horror_Creatures/Horror_creature6_v1.0/Prefabs
  artifactKey: Guid(64f30a45a17105b48ad221fbe9d3b5fd) Importer(815301076,1909f56bfc062723c751e8b465ee728b)
Start importing Assets/True_Horror_Creatures/Horror_creature6_v1.0/Prefabs using Guid(64f30a45a17105b48ad221fbe9d3b5fd) Importer(815301076,1909f56bfc062723c751e8b465ee728b)  -> (artifact id: 'ff71f870c25ce2944eec45b9ccb3aa7e') in 0.001889 seconds 
  Import took 0.004978 seconds .

========================================================================
Received Import Request.
  Time since last request: 0.075999 seconds.
  path: Assets/True_Horror_Creatures/Horror_creature6_v1.0/Prefabs/thc6.prefab
  artifactKey: Guid(332254905319da1469830bd3e8725b48) Importer(815301076,1909f56bfc062723c751e8b465ee728b)
Start importing Assets/True_Horror_Creatures/Horror_creature6_v1.0/Prefabs/thc6.prefab using Guid(332254905319da1469830bd3e8725b48) Importer(815301076,1909f56bfc062723c751e8b465ee728b)  -> (artifact id: '3e32502e25bd19d661c7fd7f94346e4f') in 0.039316 seconds 
  Import took 0.044009 seconds .

========================================================================
Received Prepare
Registering precompiled user dll's ...
Registered in 0.003873 seconds.
Begin MonoManager ReloadAssembly
Native extension for WindowsStandalone target not found
Refreshing native plugins compatible for Editor in 0.36 ms, found 2 plugins.
Preloading 0 native plugins for Editor in 0.00 ms.
Mono: successfully reloaded assembly
- Completed reload, in  1.849 seconds
Domain Reload Profiling:
	ReloadAssembly (1850ms)
		BeginReloadAssembly (315ms)
			ExecutionOrderSort (0ms)
			DisableScriptedObjects (12ms)
			BackupInstance (0ms)
			ReleaseScriptingObjects (0ms)
			CreateAndSetChildDomain (75ms)
		EndReloadAssembly (1395ms)
			LoadAssemblies (254ms)
			RebuildTransferFunctionScriptingTraits (0ms)
			SetupTypeCache (483ms)
			ReleaseScriptCaches (1ms)
			RebuildScriptCaches (68ms)
			SetupLoadedEditorAssemblies (470ms)
				LogAssemblyErrors (0ms)
				InitializePlatformSupportModulesInManaged (8ms)
				SetLoadedEditorAssemblies (1ms)
				RefreshPlugins (0ms)
				BeforeProcessingInitializeOnLoad (78ms)
				ProcessInitializeOnLoadAttributes (366ms)
				ProcessInitializeOnLoadMethodAttributes (7ms)
				AfterProcessingInitializeOnLoad (9ms)
				EditorAssembliesLoaded (0ms)
			ExecutionOrderSort2 (0ms)
			AwakeInstancesAfterBackupRestoration (12ms)
Platform modules already initialized, skipping
Refreshing native plugins compatible for Editor in 0.35 ms, found 2 plugins.
Preloading 0 native plugins for Editor in 0.00 ms.
Unloading 1395 Unused Serialized files (Serialized files now loaded: 0)
System memory in use before: 82.3 MB.
System memory in use after: 82.4 MB.

Unloading 11 unused Assets to reduce memory usage. Loaded Objects now: 1873.
Total: 4.792000 ms (FindLiveObjects: 0.155800 ms CreateObjectMapping: 0.081700 ms MarkObjects: 4.531700 ms  DeleteObjects: 0.021100 ms)

AssetImportParameters requested are different than current active one (requested -> active):
  custom:framework-win-MediaFoundation: 216162199b28c13a410421893ffa2e32 -> 
  custom:video-decoder-ogg-theora: a1e56fd34408186e4bbccfd4996cb3dc -> 
  custom:container-muxer-webm: aa71ff27fc2769a1b78a27578f13a17b -> 
  custom:container-demuxer-webm: 4f35f7cbe854078d1ac9338744f61a02 -> 
  custom:container-demuxer-ogg: 62fdf1f143b41e24485cea50d1cbac27 -> 
  custom:video-encoder-webm-vp8: eb34c28f22e8b96e1ab97ce403110664 -> 
  custom:video-decoder-webm-vp8: 9c59270c3fd7afecdb556c50c9e8de78 -> 
  custom:audio-decoder-ogg-vorbis: bf7c407c2cedff20999df2af8eb42d56 -> 
  custom:audio-encoder-webm-vorbis: bf7c407c2cedff20999df2af8eb42d56 -> 
========================================================================
Received Import Request.
  Time since last request: 573.222794 seconds.
  path: Assets/True_Horror_Creatures/Horror_creature6_v1.0/Script
  artifactKey: Guid(18c424ac9eb14ed4bbb855bd979243d7) Importer(815301076,1909f56bfc062723c751e8b465ee728b)
Start importing Assets/True_Horror_Creatures/Horror_creature6_v1.0/Script using Guid(18c424ac9eb14ed4bbb855bd979243d7) Importer(815301076,1909f56bfc062723c751e8b465ee728b)  -> (artifact id: '5bba34b490ef2bf1a66455b472212dbc') in 0.005267 seconds 
  Import took 0.008129 seconds .

========================================================================
Received Import Request.
  Time since last request: 2.054584 seconds.
  path: Assets/True_Horror_Creatures/Horror_creature6_v1.0/Materials
  artifactKey: Guid(f7126ca98f281894da537e1e81dcdd13) Importer(815301076,1909f56bfc062723c751e8b465ee728b)
Start importing Assets/True_Horror_Creatures/Horror_creature6_v1.0/Materials using Guid(f7126ca98f281894da537e1e81dcdd13) Importer(815301076,1909f56bfc062723c751e8b465ee728b)  -> (artifact id: 'abe95125d691e61841a66e3c8d62d3b9') in 0.001781 seconds 
  Import took 0.004384 seconds .

========================================================================
Received Prepare
Registering precompiled user dll's ...
Registered in 0.001738 seconds.
Begin MonoManager ReloadAssembly
Native extension for WindowsStandalone target not found
Refreshing native plugins compatible for Editor in 0.33 ms, found 2 plugins.
Preloading 0 native plugins for Editor in 0.00 ms.
Mono: successfully reloaded assembly
- Completed reload, in  0.933 seconds
Domain Reload Profiling:
	ReloadAssembly (933ms)
		BeginReloadAssembly (115ms)
			ExecutionOrderSort (0ms)
			DisableScriptedObjects (7ms)
			BackupInstance (0ms)
			ReleaseScriptingObjects (0ms)
			CreateAndSetChildDomain (34ms)
		EndReloadAssembly (754ms)
			LoadAssemblies (86ms)
			RebuildTransferFunctionScriptingTraits (0ms)
			SetupTypeCache (263ms)
			ReleaseScriptCaches (1ms)
			RebuildScriptCaches (38ms)
			SetupLoadedEditorAssemblies (272ms)
				LogAssemblyErrors (0ms)
				InitializePlatformSupportModulesInManaged (5ms)
				SetLoadedEditorAssemblies (0ms)
				RefreshPlugins (0ms)
				BeforeProcessingInitializeOnLoad (49ms)
				ProcessInitializeOnLoadAttributes (206ms)
				ProcessInitializeOnLoadMethodAttributes (4ms)
				AfterProcessingInitializeOnLoad (6ms)
				EditorAssembliesLoaded (0ms)
			ExecutionOrderSort2 (0ms)
			AwakeInstancesAfterBackupRestoration (8ms)
Platform modules already initialized, skipping
Refreshing native plugins compatible for Editor in 0.31 ms, found 2 plugins.
Preloading 0 native plugins for Editor in 0.00 ms.
Unloading 1395 Unused Serialized files (Serialized files now loaded: 0)
System memory in use before: 82.3 MB.
System memory in use after: 82.4 MB.

Unloading 11 unused Assets to reduce memory usage. Loaded Objects now: 1875.
Total: 2.735000 ms (FindLiveObjects: 0.135600 ms CreateObjectMapping: 0.041700 ms MarkObjects: 2.510100 ms  DeleteObjects: 0.032800 ms)

AssetImportParameters requested are different than current active one (requested -> active):
  custom:framework-win-MediaFoundation: 216162199b28c13a410421893ffa2e32 -> 
  custom:video-decoder-ogg-theora: a1e56fd34408186e4bbccfd4996cb3dc -> 
  custom:container-muxer-webm: aa71ff27fc2769a1b78a27578f13a17b -> 
  custom:container-demuxer-webm: 4f35f7cbe854078d1ac9338744f61a02 -> 
  custom:container-demuxer-ogg: 62fdf1f143b41e24485cea50d1cbac27 -> 
  custom:video-encoder-webm-vp8: eb34c28f22e8b96e1ab97ce403110664 -> 
  custom:video-decoder-webm-vp8: 9c59270c3fd7afecdb556c50c9e8de78 -> 
  custom:audio-decoder-ogg-vorbis: bf7c407c2cedff20999df2af8eb42d56 -> 
  custom:audio-encoder-webm-vorbis: bf7c407c2cedff20999df2af8eb42d56 -> 
AssetImportWorkerClient::OnTransportError - code=2 error=End of file
